\BOOKMARK [0][-]{chapter.1}{\376\377\000C\000o\000m\000p\000u\000t\000e\000r\000\040\000A\000r\000i\000t\000h\000m\000e\000t\000i\000c}{}% 1
\BOOKMARK [1][-]{section*.2}{\376\377\000L\000e\000c\000t\000u\000r\000e\000\040\0001\000:\000\040\000I\000n\000t\000r\000o\000d\000u\000c\000t\000i\000o\000n\000,\000\040\000F\000l\000o\000a\000t\000i\000n\000g\000\040\000N\000u\000m\000b\000e\000r\000\040\000a\000n\000d\000\040\000R\000o\000u\000n\000d\000-\000O\000f\000f\000\040\000E\000r\000r\000o\000r}{chapter.1}% 2
\BOOKMARK [1][-]{section.1.1}{\376\377\000F\000l\000o\000a\000t\000i\000n\000g\000\040\000N\000u\000m\000b\000e\000r}{chapter.1}% 3
\BOOKMARK [2][-]{subsection.1.1.1}{\376\377\000D\000e\000c\000i\000m\000a\000l\000\040\000a\000n\000d\000\040\000B\000i\000n\000a\000r\000y\000\040\000N\000u\000m\000b\000e\000r\000s}{section.1.1}% 4
\BOOKMARK [2][-]{subsection.1.1.2}{\376\377\000F\000l\000o\000a\000t\000i\000n\000g\000\040\000N\000u\000m\000b\000e\000r\000\040\000R\000e\000p\000r\000e\000s\000e\000n\000t\000a\000t\000i\000o\000n}{section.1.1}% 5
\BOOKMARK [2][-]{subsection.1.1.3}{\376\377\000R\000o\000u\000n\000d\000i\000n\000g}{section.1.1}% 6
\BOOKMARK [1][-]{section.1.2}{\376\377\000R\000o\000u\000n\000d\000\040\000o\000f\000f\000\040\000E\000r\000r\000o\000r}{chapter.1}% 7
\BOOKMARK [2][-]{subsection.1.2.1}{\376\377\000C\000a\000n\000c\000e\000l\000l\000a\000t\000i\000o\000n\000\040\000i\000n\000\040\000S\000u\000m\000s}{section.1.2}% 8
\BOOKMARK [2][-]{subsection.1.2.2}{\376\377\000C\000a\000n\000c\000e\000l\000l\000a\000t\000i\000o\000n\000\040\000i\000n\000\040\000D\000i\000f\000f\000e\000r\000e\000n\000c\000e\000s}{section.1.2}% 9
\BOOKMARK [2][-]{subsection.1.2.3}{\376\377\000D\000i\000v\000i\000s\000i\000o\000n\000\040\000b\000y\000\040\000S\000m\000a\000l\000l\000\040\000N\000u\000m\000b\000e\000r\000s}{section.1.2}% 10
\BOOKMARK [0][-]{chapter.2}{\376\377\000A\000l\000g\000o\000r\000i\000t\000h\000m\000s\000\040\000f\000o\000r\000\040\000S\000o\000l\000v\000i\000n\000g\000\040\000N\000o\000n\000-\000L\000i\000n\000e\000a\000r\000\040\000E\000q\000u\000a\000t\000i\000o\000n\000s}{}% 11
\BOOKMARK [1][-]{section*.11}{\376\377\000L\000e\000c\000t\000u\000r\000e\000\040\0002\000:\000\040\000B\000i\000s\000e\000c\000t\000i\000o\000n\000\040\000M\000e\000t\000h\000o\000d}{chapter.2}% 12
\BOOKMARK [1][-]{section.2.1}{\376\377\000B\000i\000s\000e\000c\000t\000i\000o\000n\000\040\000M\000e\000t\000h\000o\000d}{chapter.2}% 13
\BOOKMARK [1][-]{section*.12}{\376\377\000L\000e\000c\000t\000u\000r\000e\000\040\0003\000:\000\040\000F\000i\000x\000e\000d\000\040\000P\000o\000i\000n\000t\000\040\000I\000t\000e\000r\000a\000t\000i\000o\000n}{chapter.2}% 14
\BOOKMARK [1][-]{section.2.2}{\376\377\000F\000i\000x\000e\000d\000\040\000P\000o\000i\000n\000t\000\040\000I\000t\000e\000r\000a\000t\000i\000o\000n}{chapter.2}% 15
\BOOKMARK [1][-]{section*.13}{\376\377\000L\000e\000c\000t\000u\000r\000e\000\040\0004\000:\000\040\000N\000e\000w\000t\000o\000n\000\040\000M\000e\000t\000h\000o\000d}{chapter.2}% 16
\BOOKMARK [1][-]{section.2.3}{\376\377\000N\000e\000w\000t\000o\000n\000\040\000M\000e\000t\000h\000o\000d}{chapter.2}% 17
\BOOKMARK [1][-]{section*.14}{\376\377\000L\000e\000c\000t\000u\000r\000e\000\040\0005\000:\000\040\000S\000e\000c\000a\000n\000t\000\040\000M\000e\000t\000h\000o\000d\000\040\000a\000n\000d\000\040\000c\000o\000m\000p\000a\000r\000i\000s\000o\000n\000\040\000o\000f\000\040\000d\000i\000f\000f\000e\000r\000e\000n\000t\000\040\000m\000e\000t\000h\000o\000d\000s}{chapter.2}% 18
\BOOKMARK [1][-]{section.2.4}{\376\377\000S\000e\000c\000a\000n\000t\000\040\000M\000e\000t\000h\000o\000d}{chapter.2}% 19
\BOOKMARK [1][-]{section*.15}{\376\377\000L\000e\000c\000t\000u\000r\000e\000\040\0006\000:\000\040\000E\000x\000t\000e\000n\000s\000i\000o\000n\000s\000\040\000t\000o\000\040\000H\000i\000g\000h\000\040\000D\000i\000m\000e\000n\000s\000i\000o\000n\000a\000l\000\040\000N\000o\000n\000l\000i\000n\000e\000a\000r\000\040\000S\000y\000s\000t\000e\000m\000s\000\040\000a\000n\000d\000\040\000O\000p\000t\000i\000m\000i\000z\000a\000t\000i\000o\000n}{chapter.2}% 20
\BOOKMARK [1][-]{section.2.5}{\376\377\000H\000i\000g\000h\000\040\000D\000i\000m\000e\000n\000s\000i\000o\000n\000a\000l\000\040\000G\000e\000n\000e\000r\000a\000l\000i\000z\000a\000t\000i\000o\000n}{chapter.2}% 21
\BOOKMARK [2][-]{subsection.2.5.1}{\376\377\000F\000i\000x\000e\000d\000\040\000P\000o\000i\000n\000t\000\040\000I\000t\000e\000r\000a\000t\000i\000o\000n}{section.2.5}% 22
\BOOKMARK [2][-]{subsection.2.5.2}{\376\377\000N\000e\000w\000t\000o\000n\000\040\000M\000e\000t\000h\000o\000d}{section.2.5}% 23
\BOOKMARK [1][-]{section.2.6}{\376\377\000O\000p\000t\000i\000m\000i\000z\000a\000t\000i\000o\000n}{chapter.2}% 24
\BOOKMARK [0][-]{chapter.3}{\376\377\000N\000u\000m\000e\000r\000i\000c\000a\000l\000\040\000I\000n\000t\000e\000r\000p\000o\000l\000a\000t\000i\000o\000n}{}% 25
\BOOKMARK [1][-]{section*.16}{\376\377\000L\000e\000c\000t\000u\000r\000e\000\040\0007\000:\000\040\000L\000a\000g\000r\000a\000n\000g\000e\000\040\000I\000n\000t\000e\000r\000p\000o\000l\000a\000t\000i\000o\000n}{chapter.3}% 26
\BOOKMARK [1][-]{section.3.1}{\376\377\000L\000a\000g\000r\000a\000n\000g\000e\000\040\000I\000n\000t\000e\000r\000p\000o\000l\000a\000t\000i\000o\000n}{chapter.3}% 27
\BOOKMARK [1][-]{section*.18}{\376\377\000L\000e\000c\000t\000u\000r\000e\000\040\0008\000:\000\040\000D\000i\000v\000i\000d\000e\000d\000\040\000D\000i\000f\000f\000e\000r\000e\000n\000c\000e\000\040\000a\000n\000d\000\040\000N\000e\000w\000t\000o\000n\000\040\000I\000n\000t\000e\000r\000p\000o\000l\000a\000t\000i\000o\000n}{chapter.3}% 28
\BOOKMARK [1][-]{section.3.2}{\376\377\000N\000e\000w\000t\000o\000n\000\040\000I\000n\000t\000e\000r\000p\000o\000l\000a\000t\000i\000o\000n}{chapter.3}% 29
\BOOKMARK [1][-]{section*.20}{\376\377\000L\000e\000c\000t\000u\000r\000e\000\040\0009\000:\000\040\000P\000i\000e\000c\000e\000w\000i\000s\000e\000\040\000I\000n\000t\000e\000r\000p\000o\000l\000a\000t\000i\000o\000n}{chapter.3}% 30
\BOOKMARK [1][-]{section.3.3}{\376\377\000P\000i\000e\000c\000e\000w\000i\000s\000e\000\040\000I\000n\000t\000e\000r\000p\000o\000l\000a\000t\000i\000o\000n}{chapter.3}% 31
\BOOKMARK [0][-]{chapter.4}{\376\377\000N\000u\000m\000e\000r\000i\000c\000a\000l\000\040\000D\000i\000f\000f\000e\000r\000e\000n\000t\000i\000a\000t\000i\000o\000n\000\040\000a\000n\000d\000\040\000I\000n\000t\000e\000g\000r\000a\000t\000i\000o\000n}{}% 32
\BOOKMARK [1][-]{section*.22}{\376\377\000L\000e\000c\000t\000u\000r\000e\000\040\0001\0000\000:\000\040\000N\000u\000m\000e\000r\000i\000c\000a\000l\000\040\000D\000i\000f\000f\000e\000r\000e\000n\000t\000i\000a\000t\000i\000o\000n}{chapter.4}% 33
\BOOKMARK [1][-]{section.4.1}{\376\377\000N\000u\000m\000e\000r\000i\000c\000a\000l\000\040\000D\000i\000f\000f\000e\000r\000e\000n\000t\000i\000a\000t\000i\000o\000n}{chapter.4}% 34
\BOOKMARK [1][-]{section*.24}{\376\377\000L\000e\000c\000t\000u\000r\000e\000\040\0001\0001\000:\000\040\000N\000u\000m\000e\000r\000i\000c\000a\000l\000\040\000I\000n\000t\000e\000g\000r\000a\000t\000i\000o\000n}{chapter.4}% 35
\BOOKMARK [1][-]{section.4.2}{\376\377\000I\000n\000t\000e\000g\000r\000a\000t\000i\000o\000n}{chapter.4}% 36
\BOOKMARK [2][-]{subsection.4.2.1}{\376\377\000N\000e\000w\000t\000o\000n\000-\000C\000o\000t\000e\000s\000\040\000q\000u\000a\000d\000r\000a\000t\000u\000r\000e}{section.4.2}% 37
\BOOKMARK [2][-]{subsection.4.2.2}{\376\377\000G\000a\000u\000s\000s\000\040\000Q\000u\000a\000d\000r\000a\000t\000u\000r\000e}{section.4.2}% 38
\BOOKMARK [1][-]{section*.27}{\376\377\000L\000e\000c\000t\000u\000r\000e\000\040\0001\0002\000:\000\040\000T\000r\000u\000n\000c\000a\000t\000i\000o\000n\000\040\000E\000r\000r\000o\000r\000\040\000\046\000\040\000S\000t\000a\000b\000i\000l\000i\000t\000y\000\040\000o\000f\000\040\000N\000u\000m\000e\000r\000i\000c\000a\000l\000\040\000O\000D\000E}{chapter.4}% 39
\BOOKMARK [1][-]{section.4.3}{\376\377\000O\000D\000E}{chapter.4}% 40
\BOOKMARK [2][-]{subsection.4.3.1}{\376\377\000E\000u\000l\000e\000r\000\040\000M\000e\000t\000h\000o\000d\000s}{section.4.3}% 41
